TN:
SF:models/airport.js
FN:2,(anonymous_0)
FN:7,(anonymous_1)
FN:16,(anonymous_2)
FN:20,(anonymous_3)
FN:29,(anonymous_4)
FNF:5
FNH:5
FNDA:6,(anonymous_0)
FNDA:104,(anonymous_1)
FNDA:1,(anonymous_2)
FNDA:2,(anonymous_3)
FNDA:1,(anonymous_4)
DA:3,6
DA:4,6
DA:8,104
DA:9,103
DA:10,103
DA:12,1
DA:17,1
DA:21,2
DA:22,0
DA:25,0
DA:26,0
DA:30,1
DA:36,1
LF:13
LH:10
BRDA:8,0,0,103
BRDA:8,0,1,1
BRDA:21,1,0,0
BRDA:21,1,1,0
BRF:4
BRH:2
end_of_record
TN:
SF:models/plane.js
FNF:0
FNH:0
DA:5,1
LF:1
LH:1
BRF:0
BRH:0
end_of_record
TN:
SF:models/weather.js
FN:2,(anonymous_0)
FNF:1
FNH:1
FNDA:2,(anonymous_0)
DA:3,2
DA:4,0
DA:8,1
LF:3
LH:2
BRF:0
BRH:0
end_of_record
